<?xml version="1.0" encoding="UTF-8"?>
<!-- Generated by org.testng.reporters.JUnitReportReporter -->
<testsuite hostname="DESKTOP-23HNN2E" name="com.myfirstMavenproject.SeleniumTest" tests="2" failures="0" timestamp="4 Sep 2019 20:27:44 GMT" time="0.007" errors="0">
  <testcase name="browserAutomation" time="0.002" classname="com.myfirstMavenproject.SeleniumTest"/>
  <testcase name="elementUI" time="0.005" classname="com.myfirstMavenproject.SeleniumTest"/>
</testsuite> <!-- com.myfirstMavenproject.SeleniumTest -->
