<?xml version="1.0" encoding="UTF-8"?>
<!-- Generated by org.testng.reporters.JUnitReportReporter -->
<testsuite hostname="DESKTOP-23HNN2E" name="com.myfirstMavenproject.AppiumTest" tests="2" failures="0" timestamp="4 Sep 2019 20:27:44 GMT" time="0.022" errors="0">
  <testcase name="andriod" time="0.016" classname="com.myfirstMavenproject.AppiumTest"/>
  <testcase name="ios" time="0.006" classname="com.myfirstMavenproject.AppiumTest"/>
</testsuite> <!-- com.myfirstMavenproject.AppiumTest -->
