<?xml version="1.0" encoding="UTF-8"?>
<!-- Generated by org.testng.reporters.JUnitReportReporter -->
<testsuite hostname="DESKTOP-23HNN2E" failures="0" tests="2" name="com.myfirstMavenproject.AppiumTest" time="0.009" errors="0" timestamp="2019-09-04T13:27:08 PDT" skipped="0">
  <testcase classname="com.myfirstMavenproject.AppiumTest" name="andriod" time="0.008"/>
  <testcase classname="com.myfirstMavenproject.AppiumTest" name="ios" time="0.001"/>
</testsuite> <!-- com.myfirstMavenproject.AppiumTest -->
