<?xml version="1.0" encoding="UTF-8"?>
<!-- Generated by org.testng.reporters.JUnitReportReporter -->
<testsuite hostname="DESKTOP-23HNN2E" failures="0" tests="2" name="com.myfirstMavenproject.SeleniumTest" time="0.002" errors="0" timestamp="2019-09-04T13:27:08 PDT" skipped="0">
  <testcase classname="com.myfirstMavenproject.SeleniumTest" name="browserAutomation" time="0.001"/>
  <testcase classname="com.myfirstMavenproject.SeleniumTest" name="elementUI" time="0.001"/>
</testsuite> <!-- com.myfirstMavenproject.SeleniumTest -->
