<?xml version="1.0" encoding="UTF-8"?>
<!-- Generated by org.testng.reporters.JUnitReportReporter -->
<testsuite hostname="DESKTOP-23HNN2E" failures="0" tests="2" name="com.myfirstMavenproject.APITest" time="0.001" errors="0" timestamp="2019-09-04T13:25:47 PDT" skipped="0">
  <testcase classname="com.myfirstMavenproject.APITest" name="postJira" time="0.000"/>
  <testcase classname="com.myfirstMavenproject.APITest" name="deleteTwitter" time="0.001"/>
</testsuite> <!-- com.myfirstMavenproject.APITest -->
